#
# A fatal error has been detected by the Java Runtime Environment:
#
#  EXCEPTION_ACCESS_VIOLATION (0xc0000005) at pc=0x00007ff8a61549fd, pid=19620, tid=24216
#
# JRE version: Java(TM) SE Runtime Environment (14.0.1+7) (build 14.0.1+7)
# Java VM: Java HotSpot(TM) 64-Bit Server VM (14.0.1+7, mixed mode, sharing, tiered, compressed oops, parallel gc, windows-amd64)
# Problematic frame:
# V  [jvm.dll+0x2a49fd]
#
# No core dump will be written. Minidumps are not enabled by default on client versions of Windows
#
# If you would like to submit a bug report, please visit:
#   https://bugreport.java.com/bugreport/crash.jsp
#

---------------  S U M M A R Y ------------

Command Line: --add-modules=ALL-SYSTEM --add-opens=java.base/java.util=ALL-UNNAMED --add-opens=java.base/java.lang=ALL-UNNAMED -Declipse.application=org.eclipse.jdt.ls.core.id1 -Dosgi.bundles.defaultStartLevel=4 -Declipse.product=org.eclipse.jdt.ls.core.product -Dfile.encoding=utf8 -DwatchParentProcess=false -XX:+UseParallelGC -XX:GCTimeRatio=4 -XX:AdaptiveSizePolicyWeight=90 -Dsun.zip.disableMemoryMapping=true -Xmx1G -Xms100m c:\Users\infin\.vscode\extensions\redhat.java-0.63.0\server\plugins\org.eclipse.equinox.launcher_1.5.700.v20200207-2156.jar -configuration c:\Users\infin\AppData\Roaming\Code\User\globalStorage\redhat.java\0.63.0\config_win -data c:\Users\infin\AppData\Roaming\Code\User\workspaceStorage\0d4d331bd5ac490120102c220fdf03eb\redhat.java\jdt_ws

Host: Intel(R) Core(TM) i9-9900KF CPU @ 3.60GHz, 16 cores, 15G,  Windows 10 , 64 bit Build 18362 (10.0.18362.900)
Time: Tue Jun 23 14:45:26 2020 Pacific Daylight Time elapsed time: 103 seconds (0d 0h 1m 43s)

---------------  T H R E A D  ---------------

Current thread (0x000002d1392d9000):  GCTaskThread "GC Thread#0" [stack: 0x000000d678200000,0x000000d678300000] [id=24216]

Stack: [0x000000d678200000,0x000000d678300000],  sp=0x000000d6782ff8e0,  free space=1022k
Native frames: (J=compiled Java code, j=interpreted, Vv=VM code, C=native code)
V  [jvm.dll+0x2a49fd]
V  [jvm.dll+0x63a618]
V  [jvm.dll+0x63aa02]
V  [jvm.dll+0x76e5d0]
V  [jvm.dll+0x6ff8ba]
V  [jvm.dll+0x5f72c6]
C  [ucrtbase.dll+0x20e82]
C  [KERNEL32.DLL+0x17bd4]
C  [ntdll.dll+0x6ce51]


siginfo: EXCEPTION_ACCESS_VIOLATION (0xc0000005), data execution prevention violation at address 0x00007ff800000000


Register to memory mapping:

RIP=0x00007ff8a61549fd jvm.dll
RAX=0x0000000000017116 is an unknown value
RBX=0x0 is NULL
RCX=0x00000000000016e6 is an unknown value
RDX=0x000002d154761e60 points into unknown readable memory: 45 89 01 00 00 00 00 00
RSP=0x000000d6782ff8e0 points into unknown readable memory: f0 cc 70 6d d1 02 00 00
RBP=0x000002d13936e1b0 points into unknown readable memory: 60 aa 6f a6 f8 7f 00 00
RSI=0x000002d154762be0 points into unknown readable memory: ec b4 00 00 00 00 00 00
RDI=0x0000000000000003 is an unknown value
R8 =0x0 is NULL
R9 =0x0 is NULL
R10=0x00000000000016e6 is an unknown value
R11=0x0000000000000020 is an unknown value
R12=0x000000d6782ff9a0 points into unknown readable memory: 11 b6 b6 c7 00 00 00 00
R13=0x0 is NULL
R14=0x0 is NULL
R15=0x000000000000000f is an unknown value


Registers:
RAX=0x0000000000017116, RBX=0x0000000000000000, RCX=0x00000000000016e6, RDX=0x000002d154761e60
RSP=0x000000d6782ff8e0, RBP=0x000002d13936e1b0, RSI=0x000002d154762be0, RDI=0x0000000000000003
R8 =0x0000000000000000, R9 =0x0000000000000000, R10=0x00000000000016e6, R11=0x0000000000000020
R12=0x000000d6782ff9a0, R13=0x0000000000000000, R14=0x0000000000000000, R15=0x000000000000000f
RIP=0x00007ff8a61549fd, EFLAGS=0x0000000000010202

Top of Stack: (sp=0x000000d6782ff8e0)
0x000000d6782ff8e0:   000002d16d70ccf0 0000000000001000
0x000000d6782ff8f0:   000002d16d70ccf0 0000000000000000
0x000000d6782ff900:   000063e00000fe14 0000954a00017116
0x000000d6782ff910:   000063e00000fe14 000063e00000fe15
0x000000d6782ff920:   0000954a00017111 0000954a00017112
0x000000d6782ff930:   0000000000000003 000000d6783feed0
0x000000d6782ff940:   000002d1392ce130 0000000000000000
0x000000d6782ff950:   000002d15a40a4a0 0000000000000003
0x000000d6782ff960:   0000000000000000 00007ff8a64ea618
0x000000d6782ff970:   000063e00000fe15 000002d154762b80
0x000000d6782ff980:   000000d6783feeec 0000954a00017112
0x000000d6782ff990:   000002d1392ced90 00007ff8a64eaa02
0x000000d6782ff9a0:   00000000c7b6b611 000002d1392d9000
0x000000d6782ff9b0:   000000d6782ffa39 000002d1392ce140
0x000000d6782ff9c0:   000002d154762b80 00007ff800000003
0x000000d6782ff9d0:   000000000000000d 000002d1392d4c00 

Instructions: (pc=0x00007ff8a61549fd)
0x00007ff8a61548fd:   41 81 e2 ff ff 01 00 41 81 fa ff ff 01 00 45 0f
0x00007ff8a615490d:   44 d5 4c 8d 1c c5 00 00 00 00 48 8b 45 10 49 8b
0x00007ff8a615491d:   0c 03 8b 41 08 44 8b 01 44 2b c0 32 c0 41 81 e0
0x00007ff8a615492d:   ff ff 01 00 41 81 f8 ff ff 01 00 45 0f 44 c5 45
0x00007ff8a615493d:   3b c2 0f 86 93 00 00 00 48 8b 45 10 44 8b f2 49
0x00007ff8a615494d:   8b 14 03 48 8b 42 08 8b 0a 48 89 44 24 20 8b 44
0x00007ff8a615495d:   24 20 2b c8 81 e1 ff ff 01 00 81 f9 ff ff 01 00
0x00007ff8a615496d:   41 0f 44 cd 85 c9 75 14 41 be ff ff ff ff 32 c0
0x00007ff8a615497d:   44 89 b6 10 01 00 00 e9 27 01 00 00 8b 4c 24 20
0x00007ff8a615498d:   48 8b 82 90 00 00 00 48 8b 0c c8 48 8b 5c 24 20
0x00007ff8a615499d:   48 89 9c 24 90 00 00 00 49 89 0c 24 8d 43 01 25
0x00007ff8a61549ad:   ff ff 01 00 89 84 24 90 00 00 00 75 07 ff 84 24
0x00007ff8a61549bd:   94 00 00 00 48 8b 8c 24 90 00 00 00 48 89 4c 24
0x00007ff8a61549cd:   38 48 89 5c 24 30 e9 97 00 00 00 45 85 d2 0f 84
0x00007ff8a61549dd:   a4 00 00 00 48 8b 45 10 45 8b f1 48 8b 14 03 48
0x00007ff8a61549ed:   8b 42 08 8b 0a 48 89 44 24 28 8b 44 24 28 2b c8
0x00007ff8a61549fd:   81 e1 ff ff 01 00 81 f9 ff ff 01 00 41 0f 44 cd
0x00007ff8a6154a0d:   85 c9 75 14 41 be ff ff ff ff 32 c0 44 89 b6 10
0x00007ff8a6154a1d:   01 00 00 e9 8b 00 00 00 8b 4c 24 28 48 8b 82 90
0x00007ff8a6154a2d:   00 00 00 48 8b 0c c8 48 8b 5c 24 28 48 89 9c 24
0x00007ff8a6154a3d:   a8 00 00 00 49 89 0c 24 8d 43 01 25 ff ff 01 00
0x00007ff8a6154a4d:   89 84 24 a8 00 00 00 75 07 ff 84 24 ac 00 00 00
0x00007ff8a6154a5d:   48 8b 8c 24 a8 00 00 00 48 89 4c 24 48 48 89 5c
0x00007ff8a6154a6d:   24 40 48 8b 05 c2 45 73 00 4c 8b c3 48 83 c2 08
0x00007ff8a6154a7d:   ff d0 48 3b c3 0f 94 c0 84 c0 75 06 41 be ff ff
0x00007ff8a6154a8d:   ff ff 44 89 b6 10 01 00 00 eb 18 75 1a 48 8b 4d
0x00007ff8a6154a9d:   10 8d 47 ff 83 e0 01 49 8b d4 48 8b 0c c1 e8 20
0x00007ff8a6154aad:   dc ff ff 84 c0 75 2c 8b 4d 08 41 ff c7 8d 04 09
0x00007ff8a6154abd:   44 3b f8 0f 82 5a fd ff ff 32 c0 48 8b 9c 24 98
0x00007ff8a6154acd:   00 00 00 48 83 c4 50 41 5f 41 5e 41 5d 41 5c 5f
0x00007ff8a6154add:   5e 5d c3 b0 01 eb e4 cc cc cc cc cc cc cc cc cc
0x00007ff8a6154aed:   cc cc cc 40 53 48 83 ec 20 48 8b d9 48 8b 89 a0 


Stack slot to memory mapping:
stack at sp + 0 slots: 0x000002d16d70ccf0 points into unknown readable memory: 00 00 00 00 00 00 00 00
stack at sp + 1 slots: 0x0000000000001000 is an unknown value
stack at sp + 2 slots: 0x000002d16d70ccf0 points into unknown readable memory: 00 00 00 00 00 00 00 00
stack at sp + 3 slots: 0x0 is NULL
stack at sp + 4 slots: 0x000063e00000fe14 is an unknown value
stack at sp + 5 slots: 0x0000954a00017116 is an unknown value
stack at sp + 6 slots: 0x000063e00000fe14 is an unknown value
stack at sp + 7 slots: 0x000063e00000fe15 is an unknown value


---------------  P R O C E S S  ---------------

Threads class SMR info:
_java_thread_list=0x000002d15ed74750, length=28, elements={
0x000002d1392c0000, 0x000002d153442000, 0x000002d13937b000, 0x000002d15344e000,
0x000002d15344f000, 0x000002d153453800, 0x000002d153454800, 0x000002d15345d800,
0x000002d154773800, 0x000002d154875800, 0x000002d154983000, 0x000002d1568f3800,
0x000002d156e34800, 0x000002d156cad000, 0x000002d157319000, 0x000002d15737e000,
0x000002d15754b000, 0x000002d15770e800, 0x000002d15da27000, 0x000002d15da23800,
0x000002d15da27800, 0x000002d15da28800, 0x000002d15da24800, 0x000002d15da25000,
0x000002d15d14c800, 0x000002d15d147800, 0x000002d16bdb1800, 0x000002d156b50800
}

Java Threads: ( => current thread )
  0x000002d1392c0000 JavaThread "main" [_thread_blocked, id=23084, stack(0x000000d678100000,0x000000d678200000)]
  0x000002d153442000 JavaThread "Reference Handler" daemon [_thread_blocked, id=4356, stack(0x000000d678400000,0x000000d678500000)]
  0x000002d13937b000 JavaThread "Finalizer" daemon [_thread_blocked, id=15188, stack(0x000000d678500000,0x000000d678600000)]
  0x000002d15344e000 JavaThread "Signal Dispatcher" daemon [_thread_blocked, id=5308, stack(0x000000d678600000,0x000000d678700000)]
  0x000002d15344f000 JavaThread "Attach Listener" daemon [_thread_blocked, id=20732, stack(0x000000d678700000,0x000000d678800000)]
  0x000002d153453800 JavaThread "Service Thread" daemon [_thread_blocked, id=24024, stack(0x000000d678800000,0x000000d678900000)]
  0x000002d153454800 JavaThread "C2 CompilerThread0" daemon [_thread_in_native, id=25492, stack(0x000000d678900000,0x000000d678a00000)]
  0x000002d15345d800 JavaThread "C1 CompilerThread0" daemon [_thread_blocked, id=13188, stack(0x000000d678a00000,0x000000d678b00000)]
  0x000002d154773800 JavaThread "Sweeper thread" daemon [_thread_blocked, id=22704, stack(0x000000d678b00000,0x000000d678c00000)]
  0x000002d154875800 JavaThread "Common-Cleaner" daemon [_thread_blocked, id=18736, stack(0x000000d678c00000,0x000000d678d00000)]
  0x000002d154983000 JavaThread "Notification Thread" daemon [_thread_blocked, id=116, stack(0x000000d679000000,0x000000d679100000)]
  0x000002d1568f3800 JavaThread "Active Thread: Equinox Container: 9693c139-3373-4341-a9ab-a2a1454c64a1" [_thread_blocked, id=25324, stack(0x000000d679300000,0x000000d679400000)]
  0x000002d156e34800 JavaThread "Framework Event Dispatcher: Equinox Container: 9693c139-3373-4341-a9ab-a2a1454c64a1" daemon [_thread_blocked, id=1500, stack(0x000000d679700000,0x000000d679800000)]
  0x000002d156cad000 JavaThread "Start Level: Equinox Container: 9693c139-3373-4341-a9ab-a2a1454c64a1" daemon [_thread_blocked, id=17556, stack(0x000000d679800000,0x000000d679900000)]
  0x000002d157319000 JavaThread "Worker-JM" [_thread_blocked, id=3236, stack(0x000000d679a00000,0x000000d679b00000)]
  0x000002d15737e000 JavaThread "Worker-1" [_thread_blocked, id=8140, stack(0x000000d679c00000,0x000000d679d00000)]
  0x000002d15754b000 JavaThread "Worker-2" [_thread_blocked, id=12332, stack(0x000000d679d00000,0x000000d679e00000)]
  0x000002d15770e800 JavaThread "Java indexing" daemon [_thread_blocked, id=23732, stack(0x000000d67a600000,0x000000d67a700000)]
  0x000002d15da27000 JavaThread "pool-1-thread-1" [_thread_in_native, id=18528, stack(0x000000d67aa00000,0x000000d67ab00000)]
  0x000002d15da23800 JavaThread "Bundle File Closer" daemon [_thread_blocked, id=2904, stack(0x000000d67b000000,0x000000d67b100000)]
  0x000002d15da27800 JavaThread "Worker-3" [_thread_blocked, id=23812, stack(0x000000d67b100000,0x000000d67b200000)]
  0x000002d15da28800 JavaThread "ForkJoinPool.commonPool-worker-19" daemon [_thread_blocked, id=14356, stack(0x000000d67b300000,0x000000d67b400000)]
  0x000002d15da24800 JavaThread "ForkJoinPool.commonPool-worker-5" daemon [_thread_blocked, id=24288, stack(0x000000d67b400000,0x000000d67b500000)]
  0x000002d15da25000 JavaThread "ForkJoinPool.commonPool-worker-23" daemon [_thread_blocked, id=1072, stack(0x000000d67b500000,0x000000d67b600000)]
  0x000002d15d14c800 JavaThread "ForkJoinPool.commonPool-worker-9" daemon [_thread_blocked, id=25432, stack(0x000000d67b600000,0x000000d67b700000)]
  0x000002d15d147800 JavaThread "ForkJoinPool.commonPool-worker-13" daemon [_thread_blocked, id=15960, stack(0x000000d67b900000,0x000000d67ba00000)]
  0x000002d16bdb1800 JavaThread "C2 CompilerThread1" daemon [_thread_blocked, id=2272, stack(0x000000d677e00000,0x000000d677f00000)]
  0x000002d156b50800 JavaThread "C2 CompilerThread2" daemon [_thread_blocked, id=12000, stack(0x000000d677f00000,0x000000d678000000)]

Other Threads:
  0x000002d15343f000 VMThread "VM Thread" [stack: 0x000000d678300000,0x000000d678400000] [id=22048]
  0x000002d154995800 WatcherThread [stack: 0x000000d679100000,0x000000d679200000] [id=24140]
=>0x000002d1392d9000 GCTaskThread "GC Thread#0" [stack: 0x000000d678200000,0x000000d678300000] [id=24216]
  0x000002d156c15000 GCTaskThread "GC Thread#1" [stack: 0x000000d679400000,0x000000d679500000] [id=20048]
  0x000002d156944800 GCTaskThread "GC Thread#2" [stack: 0x000000d679500000,0x000000d679600000] [id=21284]
  0x000002d156945000 GCTaskThread "GC Thread#3" [stack: 0x000000d679600000,0x000000d679700000] [id=18112]
  0x000002d15753e800 GCTaskThread "GC Thread#4" [stack: 0x000000d679e00000,0x000000d679f00000] [id=9456]
  0x000002d157514000 GCTaskThread "GC Thread#5" [stack: 0x000000d679f00000,0x000000d67a000000] [id=14808]
  0x000002d157610800 GCTaskThread "GC Thread#6" [stack: 0x000000d67a000000,0x000000d67a100000] [id=23916]
  0x000002d157675800 GCTaskThread "GC Thread#7" [stack: 0x000000d67a100000,0x000000d67a200000] [id=9700]
  0x000002d1575df800 GCTaskThread "GC Thread#8" [stack: 0x000000d67a200000,0x000000d67a300000] [id=2708]
  0x000002d157632800 GCTaskThread "GC Thread#9" [stack: 0x000000d67a300000,0x000000d67a400000] [id=13680]
  0x000002d157591000 GCTaskThread "GC Thread#10" [stack: 0x000000d67a400000,0x000000d67a500000] [id=20816]
  0x000002d157592000 GCTaskThread "GC Thread#11" [stack: 0x000000d67a500000,0x000000d67a600000] [id=5168]
  0x000002d15cb55000 GCTaskThread "GC Thread#12" [stack: 0x000000d67ab00000,0x000000d67ac00000] [id=23928]

Threads with active compile tasks:
C2 CompilerThread0   103979 11397   !   4       org.eclipse.jdt.internal.core.Openable::exists (114 bytes)
C2 CompilerThread1   103979 11433 %s!   4       org.eclipse.jdt.internal.core.index.DiskIndex::readCategoryTable @ 410 (760 bytes)

VM state:at safepoint (normal execution)

VM Mutex/Monitor currently owned by a thread:  ([mutex/lock_event])
[0x000002d1392ba6a0] Threads_lock - owner thread: 0x000002d15343f000
[0x000002d1392ba220] Heap_lock - owner thread: 0x000002d15da28800

Heap address: 0x00000000c0000000, size: 1024 MB, Compressed Oops mode: 32-bit
Narrow klass base: 0x0000000800000000, Narrow klass shift: 3
Compressed class space size: 1073741824 Address: 0x0000000800b30000

Heap:
 PSYoungGen      total 2048K, used 2048K [0x00000000eab00000, 0x00000000eb080000, 0x0000000100000000)
  eden space 1024K, 100% used [0x00000000eab00000,0x00000000eac00000,0x00000000eac00000)
  from space 1024K, 100% used [0x00000000eac00000,0x00000000ead00000,0x00000000ead00000)
  to   space 2048K, 60% used [0x00000000eae80000,0x00000000eafb8000,0x00000000eb080000)
 ParOldGen       total 151552K, used 129380K [0x00000000c0000000, 0x00000000c9400000, 0x00000000eab00000)
  object space 151552K, 85% used [0x00000000c0000000,0x00000000c7e59358,0x00000000c9400000)
 Metaspace       used 65606K, capacity 68528K, committed 68696K, reserved 1110016K
  class space    used 6723K, capacity 7771K, committed 7808K, reserved 1048576K

Card table byte_map: [0x000002d138c90000,0x000002d138ea0000] _byte_map_base: 0x000002d138690000

Marking Bits: (ParMarkBitMap*) 0x00007ff8a690a260
 Begin Bits: [0x000002d150a60000, 0x000002d151a60000)
 End Bits:   [0x000002d151a60000, 0x000002d152a60000)

Polling page: 0x000002d1371e0000

Metaspace:

Usage:
  Non-class:     59.33 MB capacity,    57.50 MB ( 97%) used,     1.70 MB (  3%) free+waste,   138.06 KB ( <1%) overhead. 
      Class:      7.59 MB capacity,     6.57 MB ( 87%) used,   985.35 KB ( 13%) free+waste,    62.50 KB ( <1%) overhead. 
       Both:     66.92 MB capacity,    64.07 MB ( 96%) used,     2.66 MB (  4%) free+waste,   200.56 KB ( <1%) overhead. 

Virtual space:
  Non-class space:       60.00 MB reserved,      59.46 MB (>99%) committed 
      Class space:        1.00 GB reserved,       7.63 MB ( <1%) committed 
             Both:        1.06 GB reserved,      67.09 MB (  6%) committed 

Chunk freelists:
   Non-Class:  3.00 KB
       Class:  5.00 KB
        Both:  8.00 KB

MaxMetaspaceSize: 17179869184.00 GB
CompressedClassSpaceSize: 1.00 GB

CodeHeap 'non-profiled nmethods': size=119168Kb used=7878Kb max_used=8003Kb free=111289Kb
 bounds [0x000002d149600000, 0x000002d149e10000, 0x000002d150a60000]
CodeHeap 'profiled nmethods': size=119104Kb used=22513Kb max_used=23215Kb free=96590Kb
 bounds [0x000002d1421b0000, 0x000002d143870000, 0x000002d149600000]
CodeHeap 'non-nmethods': size=7488Kb used=1404Kb max_used=3262Kb free=6083Kb
 bounds [0x000002d141a60000, 0x000002d141da0000, 0x000002d1421b0000]
 total_blobs=16086 nmethods=9358 adapters=627
 compilation: enabled
              stopped_count=0, restarted_count=0
 full_count=0

Compilation events (20 events):
Event: 103.864 Thread 0x000002d156b50800 11424       4       org.eclipse.jdt.internal.core.index.Index::isMatch (346 bytes)
Event: 103.867 Thread 0x000002d156b50800 nmethod 11424 0x000002d149cbe290 code [0x000002d149cbe520, 0x000002d149cbeb98]
Event: 103.867 Thread 0x000002d156b50800 11410   !   4       org.eclipse.jdt.internal.core.ExternalFoldersManager::getFolders (196 bytes)
Event: 103.868 Thread 0x000002d15345d800 11427  s!   3       org.eclipse.jdt.internal.core.index.DiskIndex::readCategoryTable (760 bytes)
Event: 103.868 Thread 0x000002d156b50800 nmethod 11410 0x000002d149b65f90 code [0x000002d149b66120, 0x000002d149b661d8]
Event: 103.868 Thread 0x000002d156b50800 11402       4       org.eclipse.jdt.internal.compiler.ast.Expression::setExpectedType (1 bytes)
Event: 103.868 Thread 0x000002d156b50800 nmethod 11402 0x000002d149b65b90 code [0x000002d149b65d00, 0x000002d149b65d78]
Event: 103.870 Thread 0x000002d15345d800 nmethod 11427 0x000002d143686f90 code [0x000002d143687880, 0x000002d14368cce8]
Event: 103.870 Thread 0x000002d15345d800 11428       1       org.eclipse.jdt.core.search.SearchPattern::getMatchRule (5 bytes)
Event: 103.870 Thread 0x000002d15345d800 nmethod 11428 0x000002d149ce8e90 code [0x000002d149ce9020, 0x000002d149ce90f8]
Event: 103.873 Thread 0x000002d156b50800 11429 %     4       org.eclipse.jdt.internal.core.index.DiskIndex::addQueryResults @ 623 (699 bytes)
Event: 103.877 Thread 0x000002d15345d800 11430       1       org.eclipse.jdt.internal.core.search.matching.JavaSearchPattern::getMatchMode (5 bytes)
Event: 103.877 Thread 0x000002d15345d800 nmethod 11430 0x000002d149ce8b90 code [0x000002d149ce8d20, 0x000002d149ce8df8]
Event: 103.877 Thread 0x000002d156b50800 nmethod 11429% 0x000002d149ce7e10 code [0x000002d149ce8060, 0x000002d149ce8708]
Event: 103.877 Thread 0x000002d156b50800 11431       4       org.eclipse.jdt.internal.core.index.DiskIndex::addQueryResults (699 bytes)
Event: 103.878 Thread 0x000002d16bdb1800 nmethod 11400 0x000002d14982c290 code [0x000002d14982c620, 0x000002d14982e508]
Event: 103.880 Thread 0x000002d156b50800 nmethod 11431 0x000002d14982b790 code [0x000002d14982b9a0, 0x000002d14982bec8]
Event: 103.884 Thread 0x000002d15345d800 11432       1       org.eclipse.jdt.internal.codeassist.SelectionEngine$2::isCanceled (5 bytes)
Event: 103.884 Thread 0x000002d15345d800 nmethod 11432 0x000002d14982b490 code [0x000002d14982b620, 0x000002d14982b6f8]
Event: 103.890 Thread 0x000002d16bdb1800 11433 %s!   4       org.eclipse.jdt.internal.core.index.DiskIndex::readCategoryTable @ 410 (760 bytes)

GC Heap History (20 events):
Event: 103.851 GC heap after
{Heap after GC invocations=268 (full 7):
 PSYoungGen      total 3584K, used 1536K [0x00000000eab00000, 0x00000000eb080000, 0x0000000100000000)
  eden space 1536K, 0% used [0x00000000eab00000,0x00000000eab00000,0x00000000eac80000)
  from space 2048K, 75% used [0x00000000eae80000,0x00000000eb000000,0x00000000eb080000)
  to   space 2048K, 0% used [0x00000000eac80000,0x00000000eac80000,0x00000000eae80000)
 ParOldGen       total 151552K, used 121183K [0x00000000c0000000, 0x00000000c9400000, 0x00000000eab00000)
  object space 151552K, 79% used [0x00000000c0000000,0x00000000c7657ca0,0x00000000c9400000)
 Metaspace       used 65585K, capacity 68464K, committed 68696K, reserved 1110016K
  class space    used 6720K, capacity 7771K, committed 7808K, reserved 1048576K
}
Event: 103.863 GC heap before
{Heap before GC invocations=269 (full 7):
 PSYoungGen      total 3584K, used 3072K [0x00000000eab00000, 0x00000000eb080000, 0x0000000100000000)
  eden space 1536K, 100% used [0x00000000eab00000,0x00000000eac80000,0x00000000eac80000)
  from space 2048K, 75% used [0x00000000eae80000,0x00000000eb000000,0x00000000eb080000)
  to   space 2048K, 0% used [0x00000000eac80000,0x00000000eac80000,0x00000000eae80000)
 ParOldGen       total 151552K, used 121183K [0x00000000c0000000, 0x00000000c9400000, 0x00000000eab00000)
  object space 151552K, 79% used [0x00000000c0000000,0x00000000c7657ca0,0x00000000c9400000)
 Metaspace       used 65585K, capacity 68464K, committed 68696K, reserved 1110016K
  class space    used 6720K, capacity 7771K, committed 7808K, reserved 1048576K
}
Event: 103.864 GC heap after
{Heap after GC invocations=269 (full 7):
 PSYoungGen      total 3072K, used 1523K [0x00000000eab00000, 0x00000000eaf80000, 0x0000000100000000)
  eden space 1536K, 0% used [0x00000000eab00000,0x00000000eab00000,0x00000000eac80000)
  from space 1536K, 99% used [0x00000000eac80000,0x00000000eadfcc50,0x00000000eae00000)
  to   space 1536K, 0% used [0x00000000eae00000,0x00000000eae00000,0x00000000eaf80000)
 ParOldGen       total 151552K, used 122607K [0x00000000c0000000, 0x00000000c9400000, 0x00000000eab00000)
  object space 151552K, 80% used [0x00000000c0000000,0x00000000c77bbee0,0x00000000c9400000)
 Metaspace       used 65585K, capacity 68464K, committed 68696K, reserved 1110016K
  class space    used 6720K, capacity 7771K, committed 7808K, reserved 1048576K
}
Event: 103.875 GC heap before
{Heap before GC invocations=270 (full 7):
 PSYoungGen      total 3072K, used 3059K [0x00000000eab00000, 0x00000000eaf80000, 0x0000000100000000)
  eden space 1536K, 100% used [0x00000000eab00000,0x00000000eac80000,0x00000000eac80000)
  from space 1536K, 99% used [0x00000000eac80000,0x00000000eadfcc50,0x00000000eae00000)
  to   space 1536K, 0% used [0x00000000eae00000,0x00000000eae00000,0x00000000eaf80000)
 ParOldGen       total 151552K, used 122607K [0x00000000c0000000, 0x00000000c9400000, 0x00000000eab00000)
  object space 151552K, 80% used [0x00000000c0000000,0x00000000c77bbee0,0x00000000c9400000)
 Metaspace       used 65587K, capacity 68464K, committed 68696K, reserved 1110016K
  class space    used 6720K, capacity 7771K, committed 7808K, reserved 1048576K
}
Event: 103.876 GC heap after
{Heap after GC invocations=270 (full 7):
 PSYoungGen      total 2048K, used 1536K [0x00000000eab00000, 0x00000000eb380000, 0x0000000100000000)
  eden space 512K, 0% used [0x00000000eab00000,0x00000000eab00000,0x00000000eab80000)
  from space 1536K, 100% used [0x00000000eae00000,0x00000000eaf80000,0x00000000eaf80000)
  to   space 2560K, 0% used [0x00000000eab80000,0x00000000eab80000,0x00000000eae00000)
 ParOldGen       total 151552K, used 124005K [0x00000000c0000000, 0x00000000c9400000, 0x00000000eab00000)
  object space 151552K, 81% used [0x00000000c0000000,0x00000000c7919780,0x00000000c9400000)
 Metaspace       used 65587K, capacity 68464K, committed 68696K, reserved 1110016K
  class space    used 6720K, capacity 7771K, committed 7808K, reserved 1048576K
}
Event: 103.879 GC heap before
{Heap before GC invocations=271 (full 7):
 PSYoungGen      total 2048K, used 2037K [0x00000000eab00000, 0x00000000eb380000, 0x0000000100000000)
  eden space 512K, 97% used [0x00000000eab00000,0x00000000eab7d690,0x00000000eab80000)
  from space 1536K, 100% used [0x00000000eae00000,0x00000000eaf80000,0x00000000eaf80000)
  to   space 2560K, 0% used [0x00000000eab80000,0x00000000eab80000,0x00000000eae00000)
 ParOldGen       total 151552K, used 124005K [0x00000000c0000000, 0x00000000c9400000, 0x00000000eab00000)
  object space 151552K, 81% used [0x00000000c0000000,0x00000000c7919780,0x00000000c9400000)
 Metaspace       used 65587K, capacity 68464K, committed 68696K, reserved 1110016K
  class space    used 6720K, capacity 7771K, committed 7808K, reserved 1048576K
}
Event: 103.880 GC heap after
{Heap after GC invocations=271 (full 7):
 PSYoungGen      total 1536K, used 608K [0x00000000eab00000, 0x00000000eae80000, 0x0000000100000000)
  eden space 512K, 0% used [0x00000000eab00000,0x00000000eab00000,0x00000000eab80000)
  from space 1024K, 59% used [0x00000000eab80000,0x00000000eac18000,0x00000000eac80000)
  to   space 1536K, 0% used [0x00000000ead00000,0x00000000ead00000,0x00000000eae80000)
 ParOldGen       total 151552K, used 125443K [0x00000000c0000000, 0x00000000c9400000, 0x00000000eab00000)
  object space 151552K, 82% used [0x00000000c0000000,0x00000000c7a80ec8,0x00000000c9400000)
 Metaspace       used 65587K, capacity 68464K, committed 68696K, reserved 1110016K
  class space    used 6720K, capacity 7771K, committed 7808K, reserved 1048576K
}
Event: 103.883 GC heap before
{Heap before GC invocations=272 (full 7):
 PSYoungGen      total 1536K, used 1120K [0x00000000eab00000, 0x00000000eae80000, 0x0000000100000000)
  eden space 512K, 100% used [0x00000000eab00000,0x00000000eab80000,0x00000000eab80000)
  from space 1024K, 59% used [0x00000000eab80000,0x00000000eac18000,0x00000000eac80000)
  to   space 1536K, 0% used [0x00000000ead00000,0x00000000ead00000,0x00000000eae80000)
 ParOldGen       total 151552K, used 125443K [0x00000000c0000000, 0x00000000c9400000, 0x00000000eab00000)
  object space 151552K, 82% used [0x00000000c0000000,0x00000000c7a80ec8,0x00000000c9400000)
 Metaspace       used 65606K, capacity 68528K, committed 68696K, reserved 1110016K
  class space    used 6723K, capacity 7771K, committed 7808K, reserved 1048576K
}
Event: 103.883 GC heap after
{Heap after GC invocations=272 (full 7):
 PSYoungGen      total 1024K, used 480K [0x00000000eab00000, 0x00000000ead80000, 0x0000000100000000)
  eden space 512K, 0% used [0x00000000eab00000,0x00000000eab00000,0x00000000eab80000)
  from space 512K, 93% used [0x00000000ead00000,0x00000000ead78000,0x00000000ead80000)
  to   space 1024K, 0% used [0x00000000eab80000,0x00000000eab80000,0x00000000eac80000)
 ParOldGen       total 151552K, used 125944K [0x00000000c0000000, 0x00000000c9400000, 0x00000000eab00000)
  object space 151552K, 83% used [0x00000000c0000000,0x00000000c7afe378,0x00000000c9400000)
 Metaspace       used 65606K, capacity 68528K, committed 68696K, reserved 1110016K
  class space    used 6723K, capacity 7771K, committed 7808K, reserved 1048576K
}
Event: 103.884 GC heap before
{Heap before GC invocations=273 (full 7):
 PSYoungGen      total 1024K, used 992K [0x00000000eab00000, 0x00000000ead80000, 0x0000000100000000)
  eden space 512K, 100% used [0x00000000eab00000,0x00000000eab80000,0x00000000eab80000)
  from space 512K, 93% used [0x00000000ead00000,0x00000000ead78000,0x00000000ead80000)
  to   space 1024K, 0% used [0x00000000eab80000,0x00000000eab80000,0x00000000eac80000)
 ParOldGen       total 151552K, used 125944K [0x00000000c0000000, 0x00000000c9400000, 0x00000000eab00000)
  object space 151552K, 83% used [0x00000000c0000000,0x00000000c7afe378,0x00000000c9400000)
 Metaspace       used 65606K, capacity 68528K, committed 68696K, reserved 1110016K
  class space    used 6723K, capacity 7771K, committed 7808K, reserved 1048576K
}
Event: 103.885 GC heap after
{Heap after GC invocations=273 (full 7):
 PSYoungGen      total 1536K, used 750K [0x00000000eab00000, 0x00000000ead80000, 0x0000000100000000)
  eden space 512K, 0% used [0x00000000eab00000,0x00000000eab00000,0x00000000eab80000)
  from space 1024K, 73% used [0x00000000eab80000,0x00000000eac3bb30,0x00000000eac80000)
  to   space 1024K, 0% used [0x00000000eac80000,0x00000000eac80000,0x00000000ead80000)
 ParOldGen       total 151552K, used 126294K [0x00000000c0000000, 0x00000000c9400000, 0x00000000eab00000)
  object space 151552K, 83% used [0x00000000c0000000,0x00000000c7b55828,0x00000000c9400000)
 Metaspace       used 65606K, capacity 68528K, committed 68696K, reserved 1110016K
  class space    used 6723K, capacity 7771K, committed 7808K, reserved 1048576K
}
Event: 103.886 GC heap before
{Heap before GC invocations=274 (full 7):
 PSYoungGen      total 1536K, used 1262K [0x00000000eab00000, 0x00000000ead80000, 0x0000000100000000)
  eden space 512K, 100% used [0x00000000eab00000,0x00000000eab80000,0x00000000eab80000)
  from space 1024K, 73% used [0x00000000eab80000,0x00000000eac3bb30,0x00000000eac80000)
  to   space 1024K, 0% used [0x00000000eac80000,0x00000000eac80000,0x00000000ead80000)
 ParOldGen       total 151552K, used 126294K [0x00000000c0000000, 0x00000000c9400000, 0x00000000eab00000)
  object space 151552K, 83% used [0x00000000c0000000,0x00000000c7b55828,0x00000000c9400000)
 Metaspace       used 65606K, capacity 68528K, committed 68696K, reserved 1110016K
  class space    used 6723K, capacity 7771K, committed 7808K, reserved 1048576K
}
Event: 103.887 GC heap after
{Heap after GC invocations=274 (full 7):
 PSYoungGen      total 1536K, used 704K [0x00000000eab00000, 0x00000000eae00000, 0x0000000100000000)
  eden space 512K, 0% used [0x00000000eab00000,0x00000000eab00000,0x00000000eab80000)
  from space 1024K, 68% used [0x00000000eac80000,0x00000000ead30000,0x00000000ead80000)
  to   space 1024K, 0% used [0x00000000eab80000,0x00000000eab80000,0x00000000eac80000)
 ParOldGen       total 151552K, used 126756K [0x00000000c0000000, 0x00000000c9400000, 0x00000000eab00000)
  object space 151552K, 83% used [0x00000000c0000000,0x00000000c7bc9358,0x00000000c9400000)
 Metaspace       used 65606K, capacity 68528K, committed 68696K, reserved 1110016K
  class space    used 6723K, capacity 7771K, committed 7808K, reserved 1048576K
}
Event: 103.888 GC heap before
{Heap before GC invocations=275 (full 7):
 PSYoungGen      total 1536K, used 1216K [0x00000000eab00000, 0x00000000eae00000, 0x0000000100000000)
  eden space 512K, 100% used [0x00000000eab00000,0x00000000eab80000,0x00000000eab80000)
  from space 1024K, 68% used [0x00000000eac80000,0x00000000ead30000,0x00000000ead80000)
  to   space 1024K, 0% used [0x00000000eab80000,0x00000000eab80000,0x00000000eac80000)
 ParOldGen       total 151552K, used 126756K [0x00000000c0000000, 0x00000000c9400000, 0x00000000eab00000)
  object space 151552K, 83% used [0x00000000c0000000,0x00000000c7bc9358,0x00000000c9400000)
 Metaspace       used 65606K, capacity 68528K, committed 68696K, reserved 1110016K
  class space    used 6723K, capacity 7771K, committed 7808K, reserved 1048576K
}
Event: 103.889 GC heap after
{Heap after GC invocations=275 (full 7):
 PSYoungGen      total 1536K, used 640K [0x00000000eab00000, 0x00000000eae00000, 0x0000000100000000)
  eden space 512K, 0% used [0x00000000eab00000,0x00000000eab00000,0x00000000eab80000)
  from space 1024K, 62% used [0x00000000eab80000,0x00000000eac20000,0x00000000eac80000)
  to   space 1024K, 0% used [0x00000000ead00000,0x00000000ead00000,0x00000000eae00000)
 ParOldGen       total 151552K, used 127284K [0x00000000c0000000, 0x00000000c9400000, 0x00000000eab00000)
  object space 151552K, 83% used [0x00000000c0000000,0x00000000c7c4d358,0x00000000c9400000)
 Metaspace       used 65606K, capacity 68528K, committed 68696K, reserved 1110016K
  class space    used 6723K, capacity 7771K, committed 7808K, reserved 1048576K
}
Event: 103.891 GC heap before
{Heap before GC invocations=276 (full 7):
 PSYoungGen      total 1536K, used 1151K [0x00000000eab00000, 0x00000000eae00000, 0x0000000100000000)
  eden space 512K, 99% used [0x00000000eab00000,0x00000000eab7ffb8,0x00000000eab80000)
  from space 1024K, 62% used [0x00000000eab80000,0x00000000eac20000,0x00000000eac80000)
  to   space 1024K, 0% used [0x00000000ead00000,0x00000000ead00000,0x00000000eae00000)
 ParOldGen       total 151552K, used 127284K [0x00000000c0000000, 0x00000000c9400000, 0x00000000eab00000)
  object space 151552K, 83% used [0x00000000c0000000,0x00000000c7c4d358,0x00000000c9400000)
 Metaspace       used 65606K, capacity 68528K, committed 68696K, reserved 1110016K
  class space    used 6723K, capacity 7771K, committed 7808K, reserved 1048576K
}
Event: 103.892 GC heap after
{Heap after GC invocations=276 (full 7):
 PSYoungGen      total 2048K, used 640K [0x00000000eab00000, 0x00000000eae00000, 0x0000000100000000)
  eden space 1024K, 0% used [0x00000000eab00000,0x00000000eab00000,0x00000000eac00000)
  from space 1024K, 62% used [0x00000000ead00000,0x00000000eada0000,0x00000000eae00000)
  to   space 1024K, 0% used [0x00000000eac00000,0x00000000eac00000,0x00000000ead00000)
 ParOldGen       total 151552K, used 127804K [0x00000000c0000000, 0x00000000c9400000, 0x00000000eab00000)
  object space 151552K, 84% used [0x00000000c0000000,0x00000000c7ccf358,0x00000000c9400000)
 Metaspace       used 65606K, capacity 68528K, committed 68696K, reserved 1110016K
  class space    used 6723K, capacity 7771K, committed 7808K, reserved 1048576K
}
Event: 103.895 GC heap before
{Heap before GC invocations=277 (full 7):
 PSYoungGen      total 2048K, used 1664K [0x00000000eab00000, 0x00000000eae00000, 0x0000000100000000)
  eden space 1024K, 100% used [0x00000000eab00000,0x00000000eac00000,0x00000000eac00000)
  from space 1024K, 62% used [0x00000000ead00000,0x00000000eada0000,0x00000000eae00000)
  to   space 1024K, 0% used [0x00000000eac00000,0x00000000eac00000,0x00000000ead00000)
 ParOldGen       total 151552K, used 127804K [0x00000000c0000000, 0x00000000c9400000, 0x00000000eab00000)
  object space 151552K, 84% used [0x00000000c0000000,0x00000000c7ccf358,0x00000000c9400000)
 Metaspace       used 65606K, capacity 68528K, committed 68696K, reserved 1110016K
  class space    used 6723K, capacity 7771K, committed 7808K, reserved 1048576K
}
Event: 103.896 GC heap after
{Heap after GC invocations=277 (full 7):
 PSYoungGen      total 2048K, used 1024K [0x00000000eab00000, 0x00000000eb080000, 0x0000000100000000)
  eden space 1024K, 0% used [0x00000000eab00000,0x00000000eab00000,0x00000000eac00000)
  from space 1024K, 100% used [0x00000000eac00000,0x00000000ead00000,0x00000000ead00000)
  to   space 2048K, 0% used [0x00000000eae80000,0x00000000eae80000,0x00000000eb080000)
 ParOldGen       total 151552K, used 128404K [0x00000000c0000000, 0x00000000c9400000, 0x00000000eab00000)
  object space 151552K, 84% used [0x00000000c0000000,0x00000000c7d65358,0x00000000c9400000)
 Metaspace       used 65606K, capacity 68528K, committed 68696K, reserved 1110016K
  class space    used 6723K, capacity 7771K, committed 7808K, reserved 1048576K
}
Event: 103.899 GC heap before
{Heap before GC invocations=278 (full 7):
 PSYoungGen      total 2048K, used 2048K [0x00000000eab00000, 0x00000000eb080000, 0x0000000100000000)
  eden space 1024K, 100% used [0x00000000eab00000,0x00000000eac00000,0x00000000eac00000)
  from space 1024K, 100% used [0x00000000eac00000,0x00000000ead00000,0x00000000ead00000)
  to   space 2048K, 0% used [0x00000000eae80000,0x00000000eae80000,0x00000000eb080000)
 ParOldGen       total 151552K, used 128404K [0x00000000c0000000, 0x00000000c9400000, 0x00000000eab00000)
  object space 151552K, 84% used [0x00000000c0000000,0x00000000c7d65358,0x00000000c9400000)
 Metaspace       used 65606K, capacity 68528K, committed 68696K, reserved 1110016K
  class space    used 6723K, capacity 7771K, committed 7808K, reserved 1048576K
}

Deoptimization events (20 events):
Event: 103.416 Thread 0x000002d15da28800 DEOPT PACKING pc=0x000002d1498c444c sp=0x000000d67b3fdce0
Event: 103.416 Thread 0x000002d15da28800 DEOPT UNPACKING pc=0x000002d141aa912f sp=0x000000d67b3fdc30 mode 2
Event: 103.471 Thread 0x000002d15da28800 DEOPT PACKING pc=0x000002d1421b7e86 sp=0x000000d67b3fdaf0
Event: 103.471 Thread 0x000002d15da28800 DEOPT UNPACKING pc=0x000002d141aa964e sp=0x000000d67b3fcf58 mode 0
Event: 103.843 Thread 0x000002d15da28800 DEOPT PACKING pc=0x000002d142ee780f sp=0x000000d67b3fdd70
Event: 103.843 Thread 0x000002d15da28800 DEOPT UNPACKING pc=0x000002d141aa964e sp=0x000000d67b3fd330 mode 0
Event: 103.849 Thread 0x000002d15da28800 DEOPT PACKING pc=0x000002d142ee780f sp=0x000000d67b3fdd70
Event: 103.849 Thread 0x000002d15da28800 DEOPT UNPACKING pc=0x000002d141aa964e sp=0x000000d67b3fd330 mode 0
Event: 103.859 Thread 0x000002d15da28800 DEOPT PACKING pc=0x000002d142ee780f sp=0x000000d67b3fdd70
Event: 103.859 Thread 0x000002d15da28800 DEOPT UNPACKING pc=0x000002d141aa964e sp=0x000000d67b3fd330 mode 0
Event: 103.866 Thread 0x000002d15da28800 DEOPT PACKING pc=0x000002d142ee780f sp=0x000000d67b3fdd70
Event: 103.866 Thread 0x000002d15da28800 DEOPT UNPACKING pc=0x000002d141aa964e sp=0x000000d67b3fd330 mode 0
Event: 103.873 Thread 0x000002d15da28800 DEOPT PACKING pc=0x000002d142ee780f sp=0x000000d67b3fdd70
Event: 103.873 Thread 0x000002d15da28800 DEOPT UNPACKING pc=0x000002d141aa964e sp=0x000000d67b3fd330 mode 0
Event: 103.877 Thread 0x000002d15da28800 DEOPT PACKING pc=0x000002d142ee780f sp=0x000000d67b3fdd70
Event: 103.877 Thread 0x000002d15da28800 DEOPT UNPACKING pc=0x000002d141aa964e sp=0x000000d67b3fd330 mode 0
Event: 103.884 Thread 0x000002d15da28800 Uncommon trap: trap_request=0xffffff45 fr.pc=0x000002d14982bcd4 relative=0x0000000000000334
Event: 103.884 Thread 0x000002d15da28800 Uncommon trap: reason=unstable_if action=reinterpret pc=0x000002d14982bcd4 method=org.eclipse.jdt.internal.core.index.DiskIndex.addQueryResults([[C[CILorg/eclipse/jdt/internal/core/index/MemoryIndex;)Lorg/eclipse/jdt/internal/compiler/util/HashtableOfObje
Event: 103.884 Thread 0x000002d15da28800 DEOPT PACKING pc=0x000002d14982bcd4 sp=0x000000d67b3fdf70
Event: 103.884 Thread 0x000002d15da28800 DEOPT UNPACKING pc=0x000002d141aa912f sp=0x000000d67b3fdf08 mode 2

Classes unloaded (4 events):
Event: 4.222 Thread 0x000002d15343f000 Unloading class 0x0000000800fa2040 'java/lang/invoke/LambdaForm$DMH'
Event: 5.899 Thread 0x000002d15343f000 Unloading class 0x000000080116f440 'org/eclipse/lsp4j/jsonrpc/json/adapters/CollectionTypeAdapter$Factory$$Lambda$250'
Event: 5.899 Thread 0x000002d15343f000 Unloading class 0x000000080116fc40 'org/eclipse/jdt/ls/core/internal/JDTUtils$$Lambda$248'
Event: 5.899 Thread 0x000002d15343f000 Unloading class 0x000000080116f840 'org/eclipse/jdt/ls/core/internal/JDTUtils$$Lambda$246'

Classes redefined (0 events):
No events

Internal exceptions (20 events):
Event: 8.126 Thread 0x000002d15d146800 Exception <a 'java/lang/ArrayIndexOutOfBoundsException'{0x00000000eb715ae8}> (0x00000000eb715ae8) 
thrown [./open/src/hotspot/share/runtime/sharedRuntime.cpp, line 584]
Event: 8.126 Thread 0x000002d15d146800 Exception <a 'java/lang/ArrayIndexOutOfBoundsException'{0x00000000eb715e08}> (0x00000000eb715e08) 
thrown [./open/src/hotspot/share/runtime/sharedRuntime.cpp, line 584]
Event: 72.718 Thread 0x000002d15da28800 Exception <a 'java/lang/ArrayIndexOutOfBoundsException'{0x00000000eb191ab8}> (0x00000000eb191ab8) 
thrown [./open/src/hotspot/share/runtime/sharedRuntime.cpp, line 584]
Event: 72.722 Thread 0x000002d15da28800 Exception <a 'java/lang/ArrayIndexOutOfBoundsException'{0x00000000eb1f4cd8}> (0x00000000eb1f4cd8) 
thrown [./open/src/hotspot/share/runtime/sharedRuntime.cpp, line 584]
Event: 72.731 Thread 0x000002d15da28800 Exception <a 'java/lang/ArrayIndexOutOfBoundsException'{0x00000000eab14c50}> (0x00000000eab14c50) 
thrown [./open/src/hotspot/share/runtime/sharedRuntime.cpp, line 584]
Event: 72.737 Thread 0x000002d15da28800 Exception <a 'java/lang/ArrayIndexOutOfBoundsException'{0x00000000eae14300}> (0x00000000eae14300) 
thrown [./open/src/hotspot/share/runtime/sharedRuntime.cpp, line 584]
Event: 72.739 Thread 0x000002d15da28800 Exception <a 'java/lang/ArrayIndexOutOfBoundsException'{0x00000000eae3d080}> (0x00000000eae3d080) 
thrown [./open/src/hotspot/share/runtime/sharedRuntime.cpp, line 584]
Event: 72.740 Thread 0x000002d15da28800 Exception <a 'java/lang/ArrayIndexOutOfBoundsException'{0x00000000eaec6720}> (0x00000000eaec6720) 
thrown [./open/src/hotspot/share/runtime/sharedRuntime.cpp, line 584]
Event: 72.740 Thread 0x000002d15da28800 Exception <a 'java/lang/ArrayIndexOutOfBoundsException'{0x00000000eaec7870}> (0x00000000eaec7870) 
thrown [./open/src/hotspot/share/runtime/sharedRuntime.cpp, line 584]
Event: 72.742 Thread 0x000002d15da28800 Exception <a 'java/lang/ArrayIndexOutOfBoundsException'{0x00000000eaf737c0}> (0x00000000eaf737c0) 
thrown [./open/src/hotspot/share/runtime/sharedRuntime.cpp, line 584]
Event: 72.750 Thread 0x000002d15da28800 Exception <a 'java/lang/ArrayIndexOutOfBoundsException'{0x00000000eac3e940}> (0x00000000eac3e940) 
thrown [./open/src/hotspot/share/runtime/sharedRuntime.cpp, line 584]
Event: 72.771 Thread 0x000002d15da28800 Exception <a 'java/lang/ArrayIndexOutOfBoundsException'{0x00000000eaffe798}> (0x00000000eaffe798) 
thrown [./open/src/hotspot/share/runtime/sharedRuntime.cpp, line 584]
Event: 72.773 Thread 0x000002d15da28800 Exception <a 'java/lang/ArrayIndexOutOfBoundsException'{0x00000000eb041fe0}> (0x00000000eb041fe0) 
thrown [./open/src/hotspot/share/runtime/sharedRuntime.cpp, line 584]
Event: 72.779 Thread 0x000002d15da28800 Exception <a 'java/lang/ArrayIndexOutOfBoundsException'{0x00000000eab98970}> (0x00000000eab98970) 
thrown [./open/src/hotspot/share/runtime/sharedRuntime.cpp, line 584]
Event: 72.780 Thread 0x000002d15da28800 Exception <a 'java/lang/ArrayIndexOutOfBoundsException'{0x00000000eababd68}> (0x00000000eababd68) 
thrown [./open/src/hotspot/share/runtime/sharedRuntime.cpp, line 584]
Event: 72.781 Thread 0x000002d15da28800 Exception <a 'java/lang/ArrayIndexOutOfBoundsException'{0x00000000eac2e8a8}> (0x00000000eac2e8a8) 
thrown [./open/src/hotspot/share/runtime/sharedRuntime.cpp, line 584]
Event: 72.781 Thread 0x000002d15da28800 Exception <a 'java/lang/ArrayIndexOutOfBoundsException'{0x00000000eac2f0b8}> (0x00000000eac2f0b8) 
thrown [./open/src/hotspot/share/runtime/sharedRuntime.cpp, line 584]
Event: 72.783 Thread 0x000002d15da28800 Exception <a 'java/lang/ArrayIndexOutOfBoundsException'{0x00000000eacd27b8}> (0x00000000eacd27b8) 
thrown [./open/src/hotspot/share/runtime/sharedRuntime.cpp, line 584]
Event: 72.789 Thread 0x000002d15da28800 Exception <a 'java/lang/ArrayIndexOutOfBoundsException'{0x00000000eb0f4798}> (0x00000000eb0f4798) 
thrown [./open/src/hotspot/share/runtime/sharedRuntime.cpp, line 584]
Event: 103.392 Thread 0x000002d15da28800 Implicit null exception at 0x000002d14983582c to 0x000002d1498359ae

Events (20 events):
Event: 103.851 Executing VM operation: ParallelGCFailedAllocation done
Event: 103.863 Executing VM operation: ParallelGCFailedAllocation
Event: 103.864 Executing VM operation: ParallelGCFailedAllocation done
Event: 103.875 Executing VM operation: ParallelGCFailedAllocation
Event: 103.876 Executing VM operation: ParallelGCFailedAllocation done
Event: 103.879 Executing VM operation: ParallelGCFailedAllocation
Event: 103.880 Executing VM operation: ParallelGCFailedAllocation done
Event: 103.883 Executing VM operation: ParallelGCFailedAllocation
Event: 103.883 Executing VM operation: ParallelGCFailedAllocation done
Event: 103.884 Executing VM operation: ParallelGCFailedAllocation
Event: 103.885 Executing VM operation: ParallelGCFailedAllocation done
Event: 103.886 Executing VM operation: ParallelGCFailedAllocation
Event: 103.887 Executing VM operation: ParallelGCFailedAllocation done
Event: 103.888 Executing VM operation: ParallelGCFailedAllocation
Event: 103.889 Executing VM operation: ParallelGCFailedAllocation done
Event: 103.891 Executing VM operation: ParallelGCFailedAllocation
Event: 103.892 Executing VM operation: ParallelGCFailedAllocation done
Event: 103.895 Executing VM operation: ParallelGCFailedAllocation
Event: 103.896 Executing VM operation: ParallelGCFailedAllocation done
Event: 103.899 Executing VM operation: ParallelGCFailedAllocation


Dynamic libraries:
0x00007ff7c4d90000 - 0x00007ff7c4d9f000 	C:\Program Files\Java\jdk-14.0.1\bin\java.exe
0x00007ff8f81e0000 - 0x00007ff8f83d0000 	C:\Windows\SYSTEM32\ntdll.dll
0x00007ff8f70f0000 - 0x00007ff8f71a2000 	C:\Windows\System32\KERNEL32.DLL
0x00007ff8f5b10000 - 0x00007ff8f5db4000 	C:\Windows\System32\KERNELBASE.dll
0x00007ff8f5f10000 - 0x00007ff8f600a000 	C:\Windows\System32\ucrtbase.dll
0x00007ff8ea6f0000 - 0x00007ff8ea705000 	C:\Program Files\Java\jdk-14.0.1\bin\VCRUNTIME140.dll
0x00007ff8f1280000 - 0x00007ff8f1298000 	C:\Program Files\Java\jdk-14.0.1\bin\jli.dll
0x00007ff8f6260000 - 0x00007ff8f6303000 	C:\Windows\System32\ADVAPI32.dll
0x00007ff8f7b90000 - 0x00007ff8f7c2e000 	C:\Windows\System32\msvcrt.dll
0x00007ff8f6960000 - 0x00007ff8f69f7000 	C:\Windows\System32\sechost.dll
0x00007ff8f7840000 - 0x00007ff8f7960000 	C:\Windows\System32\RPCRT4.dll
0x00007ff8f6790000 - 0x00007ff8f6924000 	C:\Windows\System32\USER32.dll
0x00007ff8f5140000 - 0x00007ff8f5161000 	C:\Windows\System32\win32u.dll
0x00007ff8e5b00000 - 0x00007ff8e5d84000 	C:\Windows\WinSxS\amd64_microsoft.windows.common-controls_6595b64144ccf1df_6.0.18362.900_none_e6beb9d913147d17\COMCTL32.dll
0x00007ff8f6930000 - 0x00007ff8f6956000 	C:\Windows\System32\GDI32.dll
0x00007ff8f7d60000 - 0x00007ff8f8095000 	C:\Windows\System32\combase.dll
0x00007ff8f6010000 - 0x00007ff8f61a5000 	C:\Windows\System32\gdi32full.dll
0x00007ff8f52c0000 - 0x00007ff8f535e000 	C:\Windows\System32\msvcp_win.dll
0x00007ff8f5240000 - 0x00007ff8f52c0000 	C:\Windows\System32\bcryptPrimitives.dll
0x00007ff8ef490000 - 0x00007ff8ef49a000 	C:\Windows\SYSTEM32\VERSION.dll
0x00007ff8f7740000 - 0x00007ff8f776e000 	C:\Windows\System32\IMM32.DLL
0x00007ff8c1710000 - 0x00007ff8c17ab000 	C:\Program Files\Java\jdk-14.0.1\bin\msvcp140.dll
0x00007ff8a5eb0000 - 0x00007ff8a69ce000 	C:\Program Files\Java\jdk-14.0.1\bin\server\jvm.dll
0x00007ff8f7c30000 - 0x00007ff8f7c38000 	C:\Windows\System32\PSAPI.DLL
0x00007ff8e31d0000 - 0x00007ff8e31d9000 	C:\Windows\SYSTEM32\WSOCK32.dll
0x00007ff8f1be0000 - 0x00007ff8f1c04000 	C:\Windows\SYSTEM32\WINMM.dll
0x00007ff8f7260000 - 0x00007ff8f72cf000 	C:\Windows\System32\WS2_32.dll
0x00007ff8f1bb0000 - 0x00007ff8f1bdd000 	C:\Windows\SYSTEM32\WINMMBASE.dll
0x00007ff8f51d0000 - 0x00007ff8f521a000 	C:\Windows\System32\cfgmgr32.dll
0x00007ff8f5080000 - 0x00007ff8f5091000 	C:\Windows\System32\kernel.appcore.dll
0x00007ff8f0120000 - 0x00007ff8f012a000 	C:\Program Files\Java\jdk-14.0.1\bin\jimage.dll
0x00007ff8e0210000 - 0x00007ff8e0404000 	C:\Windows\SYSTEM32\DBGHELP.DLL
0x00007ff8e0070000 - 0x00007ff8e009a000 	C:\Windows\SYSTEM32\dbgcore.DLL
0x00007ff8ea630000 - 0x00007ff8ea655000 	C:\Program Files\Java\jdk-14.0.1\bin\java.dll
0x00007ff8ea610000 - 0x00007ff8ea626000 	C:\Program Files\Java\jdk-14.0.1\bin\zip.dll
0x00007ff8f6a00000 - 0x00007ff8f70e6000 	C:\Windows\System32\SHELL32.dll
0x00007ff8f7cb0000 - 0x00007ff8f7d59000 	C:\Windows\System32\shcore.dll
0x00007ff8f5360000 - 0x00007ff8f5ae0000 	C:\Windows\System32\windows.storage.dll
0x00007ff8f50c0000 - 0x00007ff8f50e3000 	C:\Windows\System32\profapi.dll
0x00007ff8f50f0000 - 0x00007ff8f513a000 	C:\Windows\System32\powrprof.dll
0x00007ff8f5070000 - 0x00007ff8f5080000 	C:\Windows\System32\UMPDC.dll
0x00007ff8f6690000 - 0x00007ff8f66e2000 	C:\Windows\System32\shlwapi.dll
0x00007ff8f5220000 - 0x00007ff8f5237000 	C:\Windows\System32\cryptsp.dll
0x00007ff8e5610000 - 0x00007ff8e5629000 	C:\Program Files\Java\jdk-14.0.1\bin\net.dll
0x00007ff8f0c60000 - 0x00007ff8f0d50000 	C:\Windows\SYSTEM32\WINHTTP.dll
0x00007ff8f48e0000 - 0x00007ff8f4947000 	C:\Windows\system32\mswsock.dll
0x00007ff8e55f0000 - 0x00007ff8e5602000 	C:\Program Files\Java\jdk-14.0.1\bin\nio.dll
0x00007ff8f4450000 - 0x00007ff8f4483000 	C:\Windows\system32\rsaenh.dll
0x00007ff8f5ae0000 - 0x00007ff8f5b06000 	C:\Windows\System32\bcrypt.dll
0x00007ff8f4f90000 - 0x00007ff8f4fb5000 	C:\Windows\SYSTEM32\USERENV.dll
0x00007ff8f4ab0000 - 0x00007ff8f4abc000 	C:\Windows\SYSTEM32\CRYPTBASE.dll
0x00007ff8f45f0000 - 0x00007ff8f462a000 	C:\Windows\SYSTEM32\IPHLPAPI.DLL
0x00007ff8f7b00000 - 0x00007ff8f7b08000 	C:\Windows\System32\NSI.dll
0x00007ff8ee3c0000 - 0x00007ff8ee3d6000 	C:\Windows\SYSTEM32\dhcpcsvc6.DLL
0x00007ff8ee3a0000 - 0x00007ff8ee3bc000 	C:\Windows\SYSTEM32\dhcpcsvc.DLL
0x00007ff8f4630000 - 0x00007ff8f46fb000 	C:\Windows\SYSTEM32\DNSAPI.dll
0x00007ff8c07d0000 - 0x00007ff8c07f9000 	C:\Users\infin\AppData\Roaming\Code\User\globalStorage\redhat.java\0.63.0\config_win\org.eclipse.equinox.launcher\org.eclipse.equinox.launcher.win32.win32.x86_64_1.1.1200.v20200508-1552\eclipse_11000.dll
0x00007ff8eec20000 - 0x00007ff8eec30000 	C:\Program Files\Java\jdk-14.0.1\bin\verify.dll
0x00007ff8cb0c0000 - 0x00007ff8cb0d1000 	C:\Users\infin\AppData\Roaming\Code\User\globalStorage\redhat.java\0.63.0\config_win\org.eclipse.osgi\20\0\.cp\jWinHttp-1.0.0.dll
0x00007ff8f6530000 - 0x00007ff8f6687000 	C:\Windows\System32\ole32.dll
0x00007ff8bdd10000 - 0x00007ff8bdd35000 	C:\Program Files\Java\jdk-14.0.1\bin\sunec.dll
0x00007ff8d38c0000 - 0x00007ff8d38ce000 	C:\Program Files\Java\jdk-14.0.1\bin\sunmscapi.dll
0x00007ff8f5dc0000 - 0x00007ff8f5f09000 	C:\Windows\System32\CRYPT32.dll
0x00007ff8f50a0000 - 0x00007ff8f50b2000 	C:\Windows\System32\MSASN1.dll
0x00007ff8f4bb0000 - 0x00007ff8f4bd6000 	C:\Windows\SYSTEM32\ncrypt.dll
0x00007ff8f4b70000 - 0x00007ff8f4bab000 	C:\Windows\SYSTEM32\NTASN1.dll
0x00007ff8e9e80000 - 0x00007ff8e9e8a000 	C:\Windows\System32\rasadhlp.dll
0x00007ff8ecf80000 - 0x00007ff8ecff7000 	C:\Windows\System32\fwpuclnt.dll

dbghelp: loaded successfully - version: 4.0.5 - missing functions: none
symbol engine: initialized successfully - sym options: 0x614 - pdb path: .;C:\Program Files\Java\jdk-14.0.1\bin;C:\Windows\SYSTEM32;C:\Windows\WinSxS\amd64_microsoft.windows.common-controls_6595b64144ccf1df_6.0.18362.900_none_e6beb9d913147d17;C:\Program Files\Java\jdk-14.0.1\bin\server;C:\Users\infin\AppData\Roaming\Code\User\globalStorage\redhat.java\0.63.0\config_win\org.eclipse.equinox.launcher\org.eclipse.equinox.launcher.win32.win32.x86_64_1.1.1200.v20200508-1552;C:\Users\infin\AppData\Roaming\Code\User\globalStorage\redhat.java\0.63.0\config_win\org.eclipse.osgi\20\0\.cp

VM Arguments:
jvm_args: --add-modules=ALL-SYSTEM --add-opens=java.base/java.util=ALL-UNNAMED --add-opens=java.base/java.lang=ALL-UNNAMED -Declipse.application=org.eclipse.jdt.ls.core.id1 -Dosgi.bundles.defaultStartLevel=4 -Declipse.product=org.eclipse.jdt.ls.core.product -Dfile.encoding=utf8 -DwatchParentProcess=false -XX:+UseParallelGC -XX:GCTimeRatio=4 -XX:AdaptiveSizePolicyWeight=90 -Dsun.zip.disableMemoryMapping=true -Xmx1G -Xms100m 
java_command: c:\Users\infin\.vscode\extensions\redhat.java-0.63.0\server\plugins\org.eclipse.equinox.launcher_1.5.700.v20200207-2156.jar -configuration c:\Users\infin\AppData\Roaming\Code\User\globalStorage\redhat.java\0.63.0\config_win -data c:\Users\infin\AppData\Roaming\Code\User\workspaceStorage\0d4d331bd5ac490120102c220fdf03eb\redhat.java\jdt_ws
java_class_path (initial): c:\Users\infin\.vscode\extensions\redhat.java-0.63.0\server\plugins\org.eclipse.equinox.launcher_1.5.700.v20200207-2156.jar
Launcher Type: SUN_STANDARD

[Global flags]
    uintx AdaptiveSizePolicyWeight                 = 90                                        {product} {command line}
     intx CICompilerCount                          = 12                                        {product} {ergonomic}
    uintx GCTimeRatio                              = 4                                         {product} {command line}
   size_t InitialHeapSize                          = 104857600                                 {product} {command line}
   size_t MaxHeapSize                              = 1073741824                                {product} {command line}
   size_t MaxNewSize                               = 357564416                                 {product} {ergonomic}
   size_t MinHeapDeltaBytes                        = 524288                                    {product} {ergonomic}
   size_t MinHeapSize                              = 104857600                                 {product} {command line}
   size_t NewSize                                  = 34603008                                  {product} {ergonomic}
    uintx NonNMethodCodeHeapSize                   = 7602480                                {pd product} {ergonomic}
    uintx NonProfiledCodeHeapSize                  = 122027880                              {pd product} {ergonomic}
   size_t OldSize                                  = 70254592                                  {product} {ergonomic}
    uintx ProfiledCodeHeapSize                     = 122027880                              {pd product} {ergonomic}
    uintx ReservedCodeCacheSize                    = 251658240                              {pd product} {ergonomic}
     bool SegmentedCodeCache                       = true                                      {product} {ergonomic}
   size_t SoftMaxHeapSize                          = 1073741824                             {manageable} {ergonomic}
     bool UseCompressedClassPointers               = true                                 {lp64_product} {ergonomic}
     bool UseCompressedOops                        = true                                 {lp64_product} {ergonomic}
     bool UseLargePagesIndividualAllocation        = false                                  {pd product} {ergonomic}
     bool UseParallelGC                            = true                                      {product} {command line}

Logging:
Log output configuration:
 #0: stdout all=warning uptime,level,tags
 #1: stderr all=off uptime,level,tags

Environment Variables:
JAVA_HOME=C:\Program Files\Java\jdk-14.0.1
PATH=C:\Program Files\Java\jdk-14.0.1\bin;C:\Python38\Scripts\;C:\Python38\;C:\Python27\;C:\Python27\Scripts;C:\Program Files (x86)\Razer\ChromaBroadcast\bin;C:\Program Files\Razer\ChromaBroadcast\bin;C:\Program Files (x86)\Razer Chroma SDK\bin;C:\Program Files\Razer Chroma SDK\bin;C:\Windows\system32;C:\Windows;C:\Windows\System32\Wbem;C:\Windows\System32\WindowsPowerShell\v1.0\;C:\Windows\System32\OpenSSH\;C:\Program Files\NVIDIA Corporation\NVIDIA NvDLISR;C:\Program Files (x86)\NVIDIA Corporation\PhysX\Common;C:\Users\infin\AppData\Local\Microsoft\WindowsApps;C:\Windows\system32\config\systemprofile\AppData\Local\Microsoft\WindowsApps;C:\ProgramData\chocolatey\bin;C:\Program Files\Git\cmd;C:\Program Files\Git\mingw64\bin;C:\Program Files\Git\usr\bin;C:\Program Files\nodejs\;C:\Users\infin\AppData\Local\Microsoft\WindowsApps;;C:\Users\infin\AppData\Local\Programs\Microsoft VS Code\bin;C:\Users\infin\AppData\Roaming\npm;C:\Program Files\heroku\bin
USERNAME=infin
OS=Windows_NT
PROCESSOR_IDENTIFIER=Intel64 Family 6 Model 158 Stepping 12, GenuineIntel



---------------  S Y S T E M  ---------------

OS: Windows 10 , 64 bit Build 18362 (10.0.18362.900)
OS uptime: 3 days 5:18 hours

CPU:total 16 (initial active 16) (8 cores per cpu, 2 threads per core) family 6 model 158 stepping 12, cmov, cx8, fxsr, mmx, sse, sse2, sse3, ssse3, sse4.1, sse4.2, popcnt, avx, avx2, aes, clmul, erms, rtm, 3dnowpref, lzcnt, ht, tsc, tscinvbit, bmi1, bmi2, adx, fma

Memory: 4k page, system-wide physical 16318M (4152M free)
TotalPageFile size 22725M (AvailPageFile size 3094M)
current process WorkingSet (physical memory assigned to process): 411M, peak: 550M
current process commit charge ("private bytes"): 471M, peak: 642M

vm_info: Java HotSpot(TM) 64-Bit Server VM (14.0.1+7) for windows-amd64 JRE (14.0.1+7), built on Mar  5 2020 10:30:14 by "mach5one" with MS VC++ 15.9 (VS2017)

END.
